mode: set
github.com/maslow123/api-gateway/pkg/users/client.go:17.63,21.16 2 1
github.com/maslow123/api-gateway/pkg/users/client.go:25.2,25.36 1 1
github.com/maslow123/api-gateway/pkg/users/client.go:21.16,23.3 1 0
github.com/maslow123/api-gateway/pkg/users/middleware.go:18.66,20.2 1 1
github.com/maslow123/api-gateway/pkg/users/middleware.go:22.63,25.25 2 0
github.com/maslow123/api-gateway/pkg/users/middleware.go:30.2,32.20 2 0
github.com/maslow123/api-gateway/pkg/users/middleware.go:37.2,41.47 2 0
github.com/maslow123/api-gateway/pkg/users/middleware.go:51.2,53.12 2 0
github.com/maslow123/api-gateway/pkg/users/middleware.go:25.25,28.3 2 0
github.com/maslow123/api-gateway/pkg/users/middleware.go:32.20,35.3 2 0
github.com/maslow123/api-gateway/pkg/users/middleware.go:41.47,42.34 1 0
github.com/maslow123/api-gateway/pkg/users/middleware.go:47.3,48.9 2 0
github.com/maslow123/api-gateway/pkg/users/middleware.go:42.34,45.4 2 0
github.com/maslow123/api-gateway/pkg/users/middleware.go:56.65,61.37 4 1
github.com/maslow123/api-gateway/pkg/users/middleware.go:66.2,66.12 1 1
github.com/maslow123/api-gateway/pkg/users/middleware.go:61.37,64.3 2 0
github.com/maslow123/api-gateway/pkg/users/routes.go:9.69,23.2 7 1
github.com/maslow123/api-gateway/pkg/users/routes.go:25.54,27.2 1 1
github.com/maslow123/api-gateway/pkg/users/routes.go:29.51,31.2 1 1
github.com/maslow123/api-gateway/pkg/pos/client.go:17.62,21.16 2 1
github.com/maslow123/api-gateway/pkg/pos/client.go:25.2,25.35 1 1
github.com/maslow123/api-gateway/pkg/pos/client.go:21.16,23.3 1 0
github.com/maslow123/api-gateway/pkg/pos/routes.go:10.99,27.2 11 1
github.com/maslow123/api-gateway/pkg/pos/routes.go:29.55,31.2 1 1
github.com/maslow123/api-gateway/pkg/pos/routes.go:33.56,35.2 1 1
github.com/maslow123/api-gateway/pkg/pos/routes.go:37.55,39.2 1 1
github.com/maslow123/api-gateway/pkg/pos/routes.go:41.61,43.2 1 1
github.com/maslow123/api-gateway/pkg/pos/routes.go:45.61,47.2 1 1
github.com/maslow123/api-gateway/pkg/transactions/client.go:17.70,21.16 2 1
github.com/maslow123/api-gateway/pkg/transactions/client.go:25.2,25.43 1 1
github.com/maslow123/api-gateway/pkg/transactions/client.go:21.16,23.3 1 0
github.com/maslow123/api-gateway/pkg/transactions/routes.go:10.99,25.2 8 1
github.com/maslow123/api-gateway/pkg/transactions/routes.go:27.63,29.2 1 1
github.com/maslow123/api-gateway/pkg/transactions/routes.go:31.64,33.2 1 1
