mode: set
github.com/maslow123/balance/pkg/services/response.go:5.115,10.2 1 1
github.com/maslow123/balance/pkg/services/response.go:12.123,17.2 1 1
github.com/maslow123/balance/pkg/services/transactions.go:11.130,12.21 1 1
github.com/maslow123/balance/pkg/services/transactions.go:15.2,15.20 1 1
github.com/maslow123/balance/pkg/services/transactions.go:18.2,18.20 1 1
github.com/maslow123/balance/pkg/services/transactions.go:21.2,21.23 1 1
github.com/maslow123/balance/pkg/services/transactions.go:25.2,26.54 2 1
github.com/maslow123/balance/pkg/services/transactions.go:32.2,49.16 5 1
github.com/maslow123/balance/pkg/services/transactions.go:55.2,56.54 2 1
github.com/maslow123/balance/pkg/services/transactions.go:60.2,67.18 3 1
github.com/maslow123/balance/pkg/services/transactions.go:12.21,14.3 1 1
github.com/maslow123/balance/pkg/services/transactions.go:15.20,17.3 1 1
github.com/maslow123/balance/pkg/services/transactions.go:18.20,20.3 1 1
github.com/maslow123/balance/pkg/services/transactions.go:21.23,23.3 1 1
github.com/maslow123/balance/pkg/services/transactions.go:26.54,29.3 2 1
github.com/maslow123/balance/pkg/services/transactions.go:49.16,52.3 2 0
github.com/maslow123/balance/pkg/services/transactions.go:56.54,59.3 2 0
github.com/maslow123/balance/pkg/services/transactions.go:70.135,71.21 1 1
github.com/maslow123/balance/pkg/services/transactions.go:74.2,74.19 1 1
github.com/maslow123/balance/pkg/services/transactions.go:77.2,77.20 1 1
github.com/maslow123/balance/pkg/services/transactions.go:81.2,94.16 4 1
github.com/maslow123/balance/pkg/services/transactions.go:98.2,102.18 3 1
github.com/maslow123/balance/pkg/services/transactions.go:122.2,122.37 1 1
github.com/maslow123/balance/pkg/services/transactions.go:126.2,126.35 1 1
github.com/maslow123/balance/pkg/services/transactions.go:130.2,130.28 1 1
github.com/maslow123/balance/pkg/services/transactions.go:134.2,142.18 2 1
github.com/maslow123/balance/pkg/services/transactions.go:71.21,73.3 1 1
github.com/maslow123/balance/pkg/services/transactions.go:74.19,76.3 1 1
github.com/maslow123/balance/pkg/services/transactions.go:77.20,79.3 1 1
github.com/maslow123/balance/pkg/services/transactions.go:94.16,97.3 2 0
github.com/maslow123/balance/pkg/services/transactions.go:102.18,114.17 3 1
github.com/maslow123/balance/pkg/services/transactions.go:119.3,120.52 2 1
github.com/maslow123/balance/pkg/services/transactions.go:114.17,117.4 2 0
github.com/maslow123/balance/pkg/services/transactions.go:122.37,124.3 1 0
github.com/maslow123/balance/pkg/services/transactions.go:126.35,128.3 1 0
github.com/maslow123/balance/pkg/services/transactions.go:130.28,132.3 1 1
