mode: set
github.com/maslow123/balance/pkg/services/balance.go:12.118,14.21 2 1
github.com/maslow123/balance/pkg/services/balance.go:17.2,17.36 1 1
github.com/maslow123/balance/pkg/services/balance.go:20.2,20.40 1 1
github.com/maslow123/balance/pkg/services/balance.go:24.2,30.21 2 1
github.com/maslow123/balance/pkg/services/balance.go:36.2,45.16 4 1
github.com/maslow123/balance/pkg/services/balance.go:50.2,58.18 3 1
github.com/maslow123/balance/pkg/services/balance.go:14.21,16.3 1 1
github.com/maslow123/balance/pkg/services/balance.go:17.36,19.3 1 1
github.com/maslow123/balance/pkg/services/balance.go:20.40,22.3 1 1
github.com/maslow123/balance/pkg/services/balance.go:30.21,32.3 1 1
github.com/maslow123/balance/pkg/services/balance.go:32.8,34.3 1 1
github.com/maslow123/balance/pkg/services/balance.go:45.16,48.3 2 0
github.com/maslow123/balance/pkg/services/response.go:5.107,10.2 1 1
