mode: set
github.com/maslow123/transactions/pkg/services/response.go:5.115,10.2 1 1
github.com/maslow123/transactions/pkg/services/response.go:12.123,17.2 1 1
github.com/maslow123/transactions/pkg/services/transactions.go:11.130,12.21 1 1
github.com/maslow123/transactions/pkg/services/transactions.go:15.2,15.20 1 1
github.com/maslow123/transactions/pkg/services/transactions.go:18.2,18.20 1 1
github.com/maslow123/transactions/pkg/services/transactions.go:21.2,21.23 1 1
github.com/maslow123/transactions/pkg/services/transactions.go:24.2,24.48 1 1
github.com/maslow123/transactions/pkg/services/transactions.go:28.2,29.54 2 1
github.com/maslow123/transactions/pkg/services/transactions.go:35.2,52.16 5 1
github.com/maslow123/transactions/pkg/services/transactions.go:58.2,59.60 2 1
github.com/maslow123/transactions/pkg/services/transactions.go:63.2,68.69 4 1
github.com/maslow123/transactions/pkg/services/transactions.go:72.2,79.18 3 1
github.com/maslow123/transactions/pkg/services/transactions.go:12.21,14.3 1 1
github.com/maslow123/transactions/pkg/services/transactions.go:15.20,17.3 1 1
github.com/maslow123/transactions/pkg/services/transactions.go:18.20,20.3 1 1
github.com/maslow123/transactions/pkg/services/transactions.go:21.23,23.3 1 1
github.com/maslow123/transactions/pkg/services/transactions.go:24.48,26.3 1 1
github.com/maslow123/transactions/pkg/services/transactions.go:29.54,32.3 2 1
github.com/maslow123/transactions/pkg/services/transactions.go:52.16,55.3 2 0
github.com/maslow123/transactions/pkg/services/transactions.go:59.60,62.3 2 0
github.com/maslow123/transactions/pkg/services/transactions.go:68.69,71.3 2 0
github.com/maslow123/transactions/pkg/services/transactions.go:82.135,83.21 1 1
github.com/maslow123/transactions/pkg/services/transactions.go:86.2,86.19 1 1
github.com/maslow123/transactions/pkg/services/transactions.go:89.2,89.20 1 1
github.com/maslow123/transactions/pkg/services/transactions.go:93.2,106.16 4 1
github.com/maslow123/transactions/pkg/services/transactions.go:110.2,114.18 3 1
github.com/maslow123/transactions/pkg/services/transactions.go:134.2,134.37 1 1
github.com/maslow123/transactions/pkg/services/transactions.go:138.2,138.35 1 1
github.com/maslow123/transactions/pkg/services/transactions.go:142.2,142.28 1 1
github.com/maslow123/transactions/pkg/services/transactions.go:146.2,154.18 2 1
github.com/maslow123/transactions/pkg/services/transactions.go:83.21,85.3 1 1
github.com/maslow123/transactions/pkg/services/transactions.go:86.19,88.3 1 1
github.com/maslow123/transactions/pkg/services/transactions.go:89.20,91.3 1 1
github.com/maslow123/transactions/pkg/services/transactions.go:106.16,109.3 2 0
github.com/maslow123/transactions/pkg/services/transactions.go:114.18,126.17 3 1
github.com/maslow123/transactions/pkg/services/transactions.go:131.3,132.52 2 1
github.com/maslow123/transactions/pkg/services/transactions.go:126.17,129.4 2 0
github.com/maslow123/transactions/pkg/services/transactions.go:134.37,136.3 1 0
github.com/maslow123/transactions/pkg/services/transactions.go:138.35,140.3 1 0
github.com/maslow123/transactions/pkg/services/transactions.go:142.28,144.3 1 1
