mode: set
github.com/maslow123/users/pkg/services/users.go:13.103,14.20 1 1
github.com/maslow123/users/pkg/services/users.go:17.2,17.21 1 1
github.com/maslow123/users/pkg/services/users.go:20.2,20.24 1 1
github.com/maslow123/users/pkg/services/users.go:23.2,23.31 1 1
github.com/maslow123/users/pkg/services/users.go:26.2,26.41 1 1
github.com/maslow123/users/pkg/services/users.go:30.2,40.17 6 1
github.com/maslow123/users/pkg/services/users.go:44.2,58.16 5 1
github.com/maslow123/users/pkg/services/users.go:63.2,63.56 1 1
github.com/maslow123/users/pkg/services/users.go:14.20,16.3 1 1
github.com/maslow123/users/pkg/services/users.go:17.21,19.3 1 1
github.com/maslow123/users/pkg/services/users.go:20.24,22.3 1 1
github.com/maslow123/users/pkg/services/users.go:23.31,25.3 1 1
github.com/maslow123/users/pkg/services/users.go:26.41,28.3 1 1
github.com/maslow123/users/pkg/services/users.go:40.17,42.3 1 1
github.com/maslow123/users/pkg/services/users.go:58.16,61.3 2 0
github.com/maslow123/users/pkg/services/users.go:66.94,67.21 1 1
github.com/maslow123/users/pkg/services/users.go:70.2,70.24 1 1
github.com/maslow123/users/pkg/services/users.go:74.2,91.16 6 1
github.com/maslow123/users/pkg/services/users.go:99.2,100.12 2 1
github.com/maslow123/users/pkg/services/users.go:104.2,112.18 3 1
github.com/maslow123/users/pkg/services/users.go:67.21,69.3 1 1
github.com/maslow123/users/pkg/services/users.go:70.24,72.3 1 1
github.com/maslow123/users/pkg/services/users.go:91.16,93.27 2 1
github.com/maslow123/users/pkg/services/users.go:96.3,96.75 1 0
github.com/maslow123/users/pkg/services/users.go:93.27,95.4 1 1
github.com/maslow123/users/pkg/services/users.go:100.12,102.3 1 1
github.com/maslow123/users/pkg/services/users.go:115.103,118.16 2 0
github.com/maslow123/users/pkg/services/users.go:125.2,128.8 1 0
github.com/maslow123/users/pkg/services/users.go:118.16,123.3 1 0
github.com/maslow123/users/pkg/services/response.go:5.97,10.2 1 1
github.com/maslow123/users/pkg/services/response.go:12.91,17.2 1 1
