mode: set
github.com/maslow123/pos/pkg/services/pos.go:15.106,16.21 1 1
github.com/maslow123/pos/pkg/services/pos.go:19.2,19.20 1 1
github.com/maslow123/pos/pkg/services/pos.go:22.2,22.36 1 1
github.com/maslow123/pos/pkg/services/pos.go:25.2,25.21 1 1
github.com/maslow123/pos/pkg/services/pos.go:29.2,45.16 5 1
github.com/maslow123/pos/pkg/services/pos.go:50.2,56.18 2 1
github.com/maslow123/pos/pkg/services/pos.go:16.21,18.3 1 1
github.com/maslow123/pos/pkg/services/pos.go:19.20,21.3 1 1
github.com/maslow123/pos/pkg/services/pos.go:22.36,24.3 1 1
github.com/maslow123/pos/pkg/services/pos.go:25.21,27.3 1 1
github.com/maslow123/pos/pkg/services/pos.go:45.16,48.3 2 0
github.com/maslow123/pos/pkg/services/pos.go:59.111,60.21 1 1
github.com/maslow123/pos/pkg/services/pos.go:63.2,63.20 1 1
github.com/maslow123/pos/pkg/services/pos.go:66.2,66.19 1 1
github.com/maslow123/pos/pkg/services/pos.go:70.2,80.16 4 1
github.com/maslow123/pos/pkg/services/pos.go:87.2,91.18 3 1
github.com/maslow123/pos/pkg/services/pos.go:117.2,117.37 1 1
github.com/maslow123/pos/pkg/services/pos.go:121.2,121.35 1 1
github.com/maslow123/pos/pkg/services/pos.go:125.2,125.19 1 1
github.com/maslow123/pos/pkg/services/pos.go:129.2,140.18 4 0
github.com/maslow123/pos/pkg/services/pos.go:60.21,62.3 1 1
github.com/maslow123/pos/pkg/services/pos.go:63.20,65.3 1 1
github.com/maslow123/pos/pkg/services/pos.go:66.19,68.3 1 1
github.com/maslow123/pos/pkg/services/pos.go:80.16,82.27 2 0
github.com/maslow123/pos/pkg/services/pos.go:85.3,85.83 1 0
github.com/maslow123/pos/pkg/services/pos.go:82.27,84.4 1 0
github.com/maslow123/pos/pkg/services/pos.go:91.18,99.17 3 1
github.com/maslow123/pos/pkg/services/pos.go:104.3,114.24 6 0
github.com/maslow123/pos/pkg/services/pos.go:99.17,102.4 2 1
github.com/maslow123/pos/pkg/services/pos.go:117.37,119.3 1 0
github.com/maslow123/pos/pkg/services/pos.go:121.35,123.3 1 0
github.com/maslow123/pos/pkg/services/pos.go:125.19,127.3 1 1
github.com/maslow123/pos/pkg/services/pos.go:143.106,144.17 1 1
github.com/maslow123/pos/pkg/services/pos.go:147.2,166.16 6 1
github.com/maslow123/pos/pkg/services/pos.go:174.2,182.18 4 0
github.com/maslow123/pos/pkg/services/pos.go:144.17,146.3 1 1
github.com/maslow123/pos/pkg/services/pos.go:166.16,168.27 2 1
github.com/maslow123/pos/pkg/services/pos.go:171.3,171.79 1 1
github.com/maslow123/pos/pkg/services/pos.go:168.27,170.4 1 1
github.com/maslow123/pos/pkg/services/pos.go:185.112,186.17 1 1
github.com/maslow123/pos/pkg/services/pos.go:189.2,189.20 1 1
github.com/maslow123/pos/pkg/services/pos.go:192.2,192.21 1 1
github.com/maslow123/pos/pkg/services/pos.go:196.2,220.16 6 1
github.com/maslow123/pos/pkg/services/pos.go:228.2,237.18 4 0
github.com/maslow123/pos/pkg/services/pos.go:186.17,188.3 1 1
github.com/maslow123/pos/pkg/services/pos.go:189.20,191.3 1 1
github.com/maslow123/pos/pkg/services/pos.go:192.21,194.3 1 1
github.com/maslow123/pos/pkg/services/pos.go:220.16,222.27 2 1
github.com/maslow123/pos/pkg/services/pos.go:225.3,225.85 1 1
github.com/maslow123/pos/pkg/services/pos.go:222.27,224.4 1 1
github.com/maslow123/pos/pkg/services/pos.go:240.112,241.17 1 1
github.com/maslow123/pos/pkg/services/pos.go:245.2,248.16 3 1
github.com/maslow123/pos/pkg/services/pos.go:252.2,253.30 2 1
github.com/maslow123/pos/pkg/services/pos.go:257.2,257.58 1 1
github.com/maslow123/pos/pkg/services/pos.go:241.17,243.3 1 1
github.com/maslow123/pos/pkg/services/pos.go:248.16,251.3 2 0
github.com/maslow123/pos/pkg/services/pos.go:253.30,255.3 1 1
github.com/maslow123/pos/pkg/services/pos.go:260.127,261.17 1 1
github.com/maslow123/pos/pkg/services/pos.go:265.2,265.104 1 1
github.com/maslow123/pos/pkg/services/pos.go:269.2,269.21 1 1
github.com/maslow123/pos/pkg/services/pos.go:273.2,277.53 2 1
github.com/maslow123/pos/pkg/services/pos.go:280.2,280.53 1 1
github.com/maslow123/pos/pkg/services/pos.go:284.2,291.16 5 1
github.com/maslow123/pos/pkg/services/pos.go:301.2,307.18 2 1
github.com/maslow123/pos/pkg/services/pos.go:261.17,263.3 1 1
github.com/maslow123/pos/pkg/services/pos.go:265.104,267.3 1 1
github.com/maslow123/pos/pkg/services/pos.go:269.21,271.3 1 1
github.com/maslow123/pos/pkg/services/pos.go:277.53,279.3 1 1
github.com/maslow123/pos/pkg/services/pos.go:280.53,282.3 1 1
github.com/maslow123/pos/pkg/services/pos.go:291.16,293.17 2 1
github.com/maslow123/pos/pkg/services/pos.go:293.17,295.28 2 1
github.com/maslow123/pos/pkg/services/pos.go:298.4,298.91 1 0
github.com/maslow123/pos/pkg/services/pos.go:295.28,297.5 1 1
github.com/maslow123/pos/pkg/services/response.go:5.99,10.2 1 1
github.com/maslow123/pos/pkg/services/response.go:12.99,17.2 1 1
github.com/maslow123/pos/pkg/services/response.go:19.104,24.2 1 1
github.com/maslow123/pos/pkg/services/response.go:26.105,31.2 1 1
github.com/maslow123/pos/pkg/services/response.go:33.105,38.2 1 1
github.com/maslow123/pos/pkg/services/response.go:40.115,45.2 1 1
