mode: set
github.com/maslow123/pos/pkg/services/pos.go:14.106,15.21 1 1
github.com/maslow123/pos/pkg/services/pos.go:18.2,18.20 1 1
github.com/maslow123/pos/pkg/services/pos.go:21.2,21.36 1 1
github.com/maslow123/pos/pkg/services/pos.go:24.2,24.21 1 1
github.com/maslow123/pos/pkg/services/pos.go:28.2,44.16 5 1
github.com/maslow123/pos/pkg/services/pos.go:49.2,55.18 2 1
github.com/maslow123/pos/pkg/services/pos.go:15.21,17.3 1 1
github.com/maslow123/pos/pkg/services/pos.go:18.20,20.3 1 1
github.com/maslow123/pos/pkg/services/pos.go:21.36,23.3 1 1
github.com/maslow123/pos/pkg/services/pos.go:24.21,26.3 1 1
github.com/maslow123/pos/pkg/services/pos.go:44.16,47.3 2 0
github.com/maslow123/pos/pkg/services/pos.go:58.111,59.21 1 1
github.com/maslow123/pos/pkg/services/pos.go:62.2,62.20 1 1
github.com/maslow123/pos/pkg/services/pos.go:65.2,65.19 1 1
github.com/maslow123/pos/pkg/services/pos.go:68.2,68.36 1 1
github.com/maslow123/pos/pkg/services/pos.go:72.2,82.16 4 1
github.com/maslow123/pos/pkg/services/pos.go:89.2,93.18 3 1
github.com/maslow123/pos/pkg/services/pos.go:109.2,109.37 1 1
github.com/maslow123/pos/pkg/services/pos.go:113.2,113.35 1 1
github.com/maslow123/pos/pkg/services/pos.go:117.2,117.19 1 1
github.com/maslow123/pos/pkg/services/pos.go:121.2,129.18 2 1
github.com/maslow123/pos/pkg/services/pos.go:59.21,61.3 1 1
github.com/maslow123/pos/pkg/services/pos.go:62.20,64.3 1 1
github.com/maslow123/pos/pkg/services/pos.go:65.19,67.3 1 1
github.com/maslow123/pos/pkg/services/pos.go:68.36,70.3 1 0
github.com/maslow123/pos/pkg/services/pos.go:82.16,84.27 2 0
github.com/maslow123/pos/pkg/services/pos.go:87.3,87.83 1 0
github.com/maslow123/pos/pkg/services/pos.go:84.27,86.4 1 0
github.com/maslow123/pos/pkg/services/pos.go:93.18,101.17 2 1
github.com/maslow123/pos/pkg/services/pos.go:106.3,106.24 1 1
github.com/maslow123/pos/pkg/services/pos.go:101.17,104.4 2 0
github.com/maslow123/pos/pkg/services/pos.go:109.37,111.3 1 0
github.com/maslow123/pos/pkg/services/pos.go:113.35,115.3 1 0
github.com/maslow123/pos/pkg/services/pos.go:117.19,119.3 1 1
github.com/maslow123/pos/pkg/services/pos.go:132.106,133.17 1 1
github.com/maslow123/pos/pkg/services/pos.go:136.2,155.16 6 1
github.com/maslow123/pos/pkg/services/pos.go:163.2,171.18 4 0
github.com/maslow123/pos/pkg/services/pos.go:133.17,135.3 1 1
github.com/maslow123/pos/pkg/services/pos.go:155.16,157.27 2 1
github.com/maslow123/pos/pkg/services/pos.go:160.3,160.79 1 0
github.com/maslow123/pos/pkg/services/pos.go:157.27,159.4 1 1
github.com/maslow123/pos/pkg/services/pos.go:174.112,175.17 1 1
github.com/maslow123/pos/pkg/services/pos.go:178.2,178.20 1 1
github.com/maslow123/pos/pkg/services/pos.go:181.2,181.21 1 1
github.com/maslow123/pos/pkg/services/pos.go:185.2,209.16 6 1
github.com/maslow123/pos/pkg/services/pos.go:217.2,226.18 4 0
github.com/maslow123/pos/pkg/services/pos.go:175.17,177.3 1 1
github.com/maslow123/pos/pkg/services/pos.go:178.20,180.3 1 1
github.com/maslow123/pos/pkg/services/pos.go:181.21,183.3 1 1
github.com/maslow123/pos/pkg/services/pos.go:209.16,211.27 2 1
github.com/maslow123/pos/pkg/services/pos.go:214.3,214.85 1 0
github.com/maslow123/pos/pkg/services/pos.go:211.27,213.4 1 1
github.com/maslow123/pos/pkg/services/pos.go:229.112,230.17 1 1
github.com/maslow123/pos/pkg/services/pos.go:234.2,237.16 3 1
github.com/maslow123/pos/pkg/services/pos.go:241.2,242.30 2 1
github.com/maslow123/pos/pkg/services/pos.go:246.2,246.58 1 1
github.com/maslow123/pos/pkg/services/pos.go:230.17,232.3 1 1
github.com/maslow123/pos/pkg/services/pos.go:237.16,240.3 2 0
github.com/maslow123/pos/pkg/services/pos.go:242.30,244.3 1 1
github.com/maslow123/pos/pkg/services/pos.go:249.127,250.17 1 1
github.com/maslow123/pos/pkg/services/pos.go:254.2,254.104 1 1
github.com/maslow123/pos/pkg/services/pos.go:258.2,258.21 1 1
github.com/maslow123/pos/pkg/services/pos.go:262.2,266.53 2 1
github.com/maslow123/pos/pkg/services/pos.go:269.2,269.53 1 1
github.com/maslow123/pos/pkg/services/pos.go:273.2,280.16 5 1
github.com/maslow123/pos/pkg/services/pos.go:290.2,296.18 2 1
github.com/maslow123/pos/pkg/services/pos.go:250.17,252.3 1 1
github.com/maslow123/pos/pkg/services/pos.go:254.104,256.3 1 1
github.com/maslow123/pos/pkg/services/pos.go:258.21,260.3 1 1
github.com/maslow123/pos/pkg/services/pos.go:266.53,268.3 1 1
github.com/maslow123/pos/pkg/services/pos.go:269.53,271.3 1 1
github.com/maslow123/pos/pkg/services/pos.go:280.16,282.17 2 1
github.com/maslow123/pos/pkg/services/pos.go:282.17,284.28 2 1
github.com/maslow123/pos/pkg/services/pos.go:287.4,287.91 1 0
github.com/maslow123/pos/pkg/services/pos.go:284.28,286.5 1 1
github.com/maslow123/pos/pkg/services/response.go:5.99,10.2 1 1
github.com/maslow123/pos/pkg/services/response.go:12.99,17.2 1 1
github.com/maslow123/pos/pkg/services/response.go:19.104,24.2 1 1
github.com/maslow123/pos/pkg/services/response.go:26.105,31.2 1 1
github.com/maslow123/pos/pkg/services/response.go:33.105,38.2 1 1
github.com/maslow123/pos/pkg/services/response.go:40.115,45.2 1 1
